Using pre-set license
Built from '2020.3/staging' branch; Version is '2020.3.23f1 (c5d91304a876) revision 12966163'; Using compiler version '192528614'; Build Type 'Release'
OS: 'Windows 10 Pro; OS build 19044.1645; Version 2009; 64bit' Language: 'en' Physical Memory: 8044 MB
BatchMode: 1, IsHumanControllingUs: 0, StartBugReporterOnCrash: 0, Is64bit: 1, IsPro: 0

COMMAND LINE ARGUMENTS:
C:\Program Files\Unity\Hub\Editor\2020.3.23f1\Editor\Unity.exe
-adb2
-batchMode
-noUpm
-name
AssetImportWorker0
-projectPath
C:/Projeto/NoNameGameLol
-logFile
Logs/AssetImportWorker0.log
-srvPort
49814
Successfully changed project path to: C:/Projeto/NoNameGameLol
C:/Projeto/NoNameGameLol
Using Asset Import Pipeline V2.
Refreshing native plugins compatible for Editor in 42.43 ms, found 3 plugins.
Preloading 0 native plugins for Editor in 0.00 ms.
Initialize engine version: 2020.3.23f1 (c5d91304a876)
[Subsystems] Discovering subsystems at path C:/Program Files/Unity/Hub/Editor/2020.3.23f1/Editor/Data/Resources/UnitySubsystems
[Subsystems] Discovering subsystems at path C:/Projeto/NoNameGameLol/Assets
GfxDevice: creating device client; threaded=0
Direct3D:
    Version:  Direct3D 11.0 [level 11.1]
    Renderer: Radeon RX 560 Series (ID=0x67ef)
    Vendor:   
    VRAM:     4075 MB
    Driver:   30.0.13023.4001
Initialize mono
Mono path[0] = 'C:/Program Files/Unity/Hub/Editor/2020.3.23f1/Editor/Data/Managed'
Mono path[1] = 'C:/Program Files/Unity/Hub/Editor/2020.3.23f1/Editor/Data/MonoBleedingEdge/lib/mono/unityjit'
Mono config path = 'C:/Program Files/Unity/Hub/Editor/2020.3.23f1/Editor/Data/MonoBleedingEdge/etc'
Using monoOptions --debugger-agent=transport=dt_socket,embedding=1,server=y,suspend=n,address=127.0.0.1:56304
Begin MonoManager ReloadAssembly
Registering precompiled unity dll's ...
Register platform support module: C:/Program Files/Unity/Hub/Editor/2020.3.23f1/Editor/Data/PlaybackEngines/WindowsStandaloneSupport/UnityEditor.WindowsStandalone.Extensions.dll
Registered in 0.001266 seconds.
Native extension for WindowsStandalone target not found
Refreshing native plugins compatible for Editor in 42.67 ms, found 3 plugins.
Preloading 0 native plugins for Editor in 0.00 ms.
Mono: successfully reloaded assembly
- Completed reload, in  0.512 seconds
Domain Reload Profiling:
	ReloadAssembly (513ms)
		BeginReloadAssembly (44ms)
			ExecutionOrderSort (0ms)
			DisableScriptedObjects (0ms)
			BackupInstance (0ms)
			ReleaseScriptingObjects (0ms)
			CreateAndSetChildDomain (1ms)
		EndReloadAssembly (406ms)
			LoadAssemblies (42ms)
			RebuildTransferFunctionScriptingTraits (0ms)
			SetupTypeCache (136ms)
			ReleaseScriptCaches (0ms)
			RebuildScriptCaches (27ms)
			SetupLoadedEditorAssemblies (155ms)
				LogAssemblyErrors (0ms)
				InitializePlatformSupportModulesInManaged (4ms)
				SetLoadedEditorAssemblies (0ms)
				RefreshPlugins (43ms)
				BeforeProcessingInitializeOnLoad (9ms)
				ProcessInitializeOnLoadAttributes (74ms)
				ProcessInitializeOnLoadMethodAttributes (26ms)
				AfterProcessingInitializeOnLoad (0ms)
				EditorAssembliesLoaded (0ms)
			ExecutionOrderSort2 (0ms)
			AwakeInstancesAfterBackupRestoration (0ms)
Platform modules already initialized, skipping
Registering precompiled user dll's ...
Registered in 0.003277 seconds.
Begin MonoManager ReloadAssembly
Native extension for WindowsStandalone target not found
Refreshing native plugins compatible for Editor in 42.18 ms, found 3 plugins.
Preloading 0 native plugins for Editor in 0.00 ms.
Mono: successfully reloaded assembly
- Completed reload, in  1.002 seconds
Domain Reload Profiling:
	ReloadAssembly (1003ms)
		BeginReloadAssembly (126ms)
			ExecutionOrderSort (0ms)
			DisableScriptedObjects (4ms)
			BackupInstance (0ms)
			ReleaseScriptingObjects (0ms)
			CreateAndSetChildDomain (17ms)
		EndReloadAssembly (823ms)
			LoadAssemblies (76ms)
			RebuildTransferFunctionScriptingTraits (0ms)
			SetupTypeCache (286ms)
			ReleaseScriptCaches (0ms)
			RebuildScriptCaches (43ms)
			SetupLoadedEditorAssemblies (304ms)
				LogAssemblyErrors (0ms)
				InitializePlatformSupportModulesInManaged (3ms)
				SetLoadedEditorAssemblies (0ms)
				RefreshPlugins (42ms)
				BeforeProcessingInitializeOnLoad (61ms)
				ProcessInitializeOnLoadAttributes (176ms)
				ProcessInitializeOnLoadMethodAttributes (17ms)
				AfterProcessingInitializeOnLoad (4ms)
				EditorAssembliesLoaded (0ms)
			ExecutionOrderSort2 (0ms)
			AwakeInstancesAfterBackupRestoration (6ms)
Platform modules already initialized, skipping
========================================================================
Worker process is ready to serve import requests
Launched and connected shader compiler UnityShaderCompiler.exe after 0.03 seconds
Refreshing native plugins compatible for Editor in 0.57 ms, found 3 plugins.
Preloading 0 native plugins for Editor in 0.00 ms.
Unloading 2205 Unused Serialized files (Serialized files now loaded: 0)
System memory in use before: 181.3 MB.
System memory in use after: 181.4 MB.

Unloading 27 unused Assets to reduce memory usage. Loaded Objects now: 2661.
Total: 3.037000 ms (FindLiveObjects: 0.318000 ms CreateObjectMapping: 0.117900 ms MarkObjects: 2.574300 ms  DeleteObjects: 0.025800 ms)

AssetImportParameters requested are different than current active one (requested -> active):
  custom:framework-win-MediaFoundation: 216162199b28c13a410421893ffa2e32 -> 
  custom:video-decoder-ogg-theora: a1e56fd34408186e4bbccfd4996cb3dc -> 
  custom:container-muxer-webm: aa71ff27fc2769a1b78a27578f13a17b -> 
  custom:container-demuxer-webm: 4f35f7cbe854078d1ac9338744f61a02 -> 
  custom:container-demuxer-ogg: 62fdf1f143b41e24485cea50d1cbac27 -> 
  custom:video-encoder-webm-vp8: eb34c28f22e8b96e1ab97ce403110664 -> 
  custom:video-decoder-webm-vp8: 9c59270c3fd7afecdb556c50c9e8de78 -> 
  custom:audio-decoder-ogg-vorbis: bf7c407c2cedff20999df2af8eb42d56 -> 
  custom:audio-encoder-webm-vorbis: bf7c407c2cedff20999df2af8eb42d56 -> 
========================================================================
Received Import Request.
  path: Assets/Prefabs/Canvas.prefab
  artifactKey: Guid(0e2728e81dae3024bb5717151ad0cda6) Importer(815301076,1909f56bfc062723c751e8b465ee728b)
Start importing Assets/Prefabs/Canvas.prefab using Guid(0e2728e81dae3024bb5717151ad0cda6) Importer(815301076,1909f56bfc062723c751e8b465ee728b)  -> (artifact id: 'b29ce112ae2798458af84604c31c513d') in 0.050425 seconds 
  Import took 0.053566 seconds .

========================================================================
Received Import Request.
  Time since last request: 0.000211 seconds.
  path: Assets/Prefabs/Player.prefab
  artifactKey: Guid(985fa7152e39dd845a56ac1bea2433e4) Importer(815301076,1909f56bfc062723c751e8b465ee728b)
Start importing Assets/Prefabs/Player.prefab using Guid(985fa7152e39dd845a56ac1bea2433e4) Importer(815301076,1909f56bfc062723c751e8b465ee728b)  -> (artifact id: '98a0083d5ac8007b465df20c598ac0e8') in 0.074222 seconds 
  Import took 0.077787 seconds .

========================================================================
Received Import Request.
  Time since last request: 0.000154 seconds.
  path: Assets/Prefabs/Item_on_the_ground.prefab
  artifactKey: Guid(2fa64a58ebc0ce64381056e26106da08) Importer(815301076,1909f56bfc062723c751e8b465ee728b)
Start importing Assets/Prefabs/Item_on_the_ground.prefab using Guid(2fa64a58ebc0ce64381056e26106da08) Importer(815301076,1909f56bfc062723c751e8b465ee728b)  -> (artifact id: '569b26e954d3fa7e98a42e5d1b0fde07') in 0.014003 seconds 
  Import took 0.017314 seconds .

========================================================================
Received Import Request.
  Time since last request: 0.439974 seconds.
  path: Assets/Prefabs/Walls
  artifactKey: Guid(0e6ea08d67aa9c84eacc12a5ebde89da) Importer(815301076,1909f56bfc062723c751e8b465ee728b)
Start importing Assets/Prefabs/Walls using Guid(0e6ea08d67aa9c84eacc12a5ebde89da) Importer(815301076,1909f56bfc062723c751e8b465ee728b)  -> (artifact id: 'f72aec4bc413ee7c4dfbdf62b3b20766') in 0.001216 seconds 
  Import took 0.004372 seconds .

========================================================================
Received Import Request.
  Time since last request: 0.258791 seconds.
  path: Assets/Prefabs/Walls/Wall.prefab
  artifactKey: Guid(35836fda63c8b7742ad99b4cd18da165) Importer(815301076,1909f56bfc062723c751e8b465ee728b)
Start importing Assets/Prefabs/Walls/Wall.prefab using Guid(35836fda63c8b7742ad99b4cd18da165) Importer(815301076,1909f56bfc062723c751e8b465ee728b)  -> (artifact id: '38c9cdb0d176b9475cfac1d497c40402') in 0.006552 seconds 
  Import took 0.009735 seconds .

========================================================================
Received Import Request.
  Time since last request: 0.000222 seconds.
  path: Assets/Prefabs/Walls/Wall_Yes.prefab
  artifactKey: Guid(0f6aeeb9cf4e8b84196ed3f0dc76ff7b) Importer(815301076,1909f56bfc062723c751e8b465ee728b)
Start importing Assets/Prefabs/Walls/Wall_Yes.prefab using Guid(0f6aeeb9cf4e8b84196ed3f0dc76ff7b) Importer(815301076,1909f56bfc062723c751e8b465ee728b)  -> (artifact id: '78863ac1758f85364f342f72a4340d56') in 0.007191 seconds 
  Import took 0.010416 seconds .

========================================================================
Received Prepare
Refreshing native plugins compatible for Editor in 3.35 ms, found 3 plugins.
Preloading 0 native plugins for Editor in 0.00 ms.
Unloading 15 Unused Serialized files (Serialized files now loaded: 0)
System memory in use before: 142.2 MB.
System memory in use after: 142.4 MB.

Unloading 17 unused Assets to reduce memory usage. Loaded Objects now: 2670.
Total: 3.009800 ms (FindLiveObjects: 0.231900 ms CreateObjectMapping: 0.079400 ms MarkObjects: 2.675700 ms  DeleteObjects: 0.022200 ms)

AssetImportParameters requested are different than current active one (requested -> active):
  custom:framework-win-MediaFoundation: 216162199b28c13a410421893ffa2e32 -> 
  custom:video-decoder-ogg-theora: a1e56fd34408186e4bbccfd4996cb3dc -> 
  custom:container-muxer-webm: aa71ff27fc2769a1b78a27578f13a17b -> 
  custom:container-demuxer-webm: 4f35f7cbe854078d1ac9338744f61a02 -> 
  custom:container-demuxer-ogg: 62fdf1f143b41e24485cea50d1cbac27 -> 
  custom:video-encoder-webm-vp8: eb34c28f22e8b96e1ab97ce403110664 -> 
  custom:video-decoder-webm-vp8: 9c59270c3fd7afecdb556c50c9e8de78 -> 
  custom:audio-decoder-ogg-vorbis: bf7c407c2cedff20999df2af8eb42d56 -> 
  custom:audio-encoder-webm-vorbis: bf7c407c2cedff20999df2af8eb42d56 -> 
========================================================================
Received Prepare
Registering precompiled user dll's ...
Registered in 0.002854 seconds.
Begin MonoManager ReloadAssembly
Native extension for WindowsStandalone target not found
Refreshing native plugins compatible for Editor in 0.50 ms, found 3 plugins.
Preloading 0 native plugins for Editor in 0.00 ms.
Mono: successfully reloaded assembly
- Completed reload, in  0.876 seconds
Domain Reload Profiling:
	ReloadAssembly (876ms)
		BeginReloadAssembly (101ms)
			ExecutionOrderSort (0ms)
			DisableScriptedObjects (5ms)
			BackupInstance (0ms)
			ReleaseScriptingObjects (0ms)
			CreateAndSetChildDomain (34ms)
		EndReloadAssembly (723ms)
			LoadAssemblies (72ms)
			RebuildTransferFunctionScriptingTraits (0ms)
			SetupTypeCache (265ms)
			ReleaseScriptCaches (1ms)
			RebuildScriptCaches (38ms)
			SetupLoadedEditorAssemblies (251ms)
				LogAssemblyErrors (0ms)
				InitializePlatformSupportModulesInManaged (4ms)
				SetLoadedEditorAssemblies (0ms)
				RefreshPlugins (1ms)
				BeforeProcessingInitializeOnLoad (52ms)
				ProcessInitializeOnLoadAttributes (180ms)
				ProcessInitializeOnLoadMethodAttributes (9ms)
				AfterProcessingInitializeOnLoad (4ms)
				EditorAssembliesLoaded (0ms)
			ExecutionOrderSort2 (0ms)
			AwakeInstancesAfterBackupRestoration (8ms)
Platform modules already initialized, skipping
Refreshing native plugins compatible for Editor in 0.49 ms, found 3 plugins.
Preloading 0 native plugins for Editor in 0.00 ms.
Unloading 2194 Unused Serialized files (Serialized files now loaded: 0)
System memory in use before: 183.9 MB.
System memory in use after: 184.0 MB.

Unloading 17 unused Assets to reduce memory usage. Loaded Objects now: 2672.
Total: 2.795700 ms (FindLiveObjects: 0.192700 ms CreateObjectMapping: 0.061900 ms MarkObjects: 2.525700 ms  DeleteObjects: 0.014700 ms)

AssetImportParameters requested are different than current active one (requested -> active):
  custom:framework-win-MediaFoundation: 216162199b28c13a410421893ffa2e32 -> 
  custom:video-decoder-ogg-theora: a1e56fd34408186e4bbccfd4996cb3dc -> 
  custom:container-muxer-webm: aa71ff27fc2769a1b78a27578f13a17b -> 
  custom:container-demuxer-webm: 4f35f7cbe854078d1ac9338744f61a02 -> 
  custom:container-demuxer-ogg: 62fdf1f143b41e24485cea50d1cbac27 -> 
  custom:video-encoder-webm-vp8: eb34c28f22e8b96e1ab97ce403110664 -> 
  custom:video-decoder-webm-vp8: 9c59270c3fd7afecdb556c50c9e8de78 -> 
  custom:audio-decoder-ogg-vorbis: bf7c407c2cedff20999df2af8eb42d56 -> 
  custom:audio-encoder-webm-vorbis: bf7c407c2cedff20999df2af8eb42d56 -> 
========================================================================
Received Prepare
Registering precompiled user dll's ...
Registered in 0.002983 seconds.
Begin MonoManager ReloadAssembly
Native extension for WindowsStandalone target not found
Refreshing native plugins compatible for Editor in 0.52 ms, found 3 plugins.
Preloading 0 native plugins for Editor in 0.00 ms.
Mono: successfully reloaded assembly
- Completed reload, in  0.871 seconds
Domain Reload Profiling:
	ReloadAssembly (871ms)
		BeginReloadAssembly (95ms)
			ExecutionOrderSort (0ms)
			DisableScriptedObjects (5ms)
			BackupInstance (0ms)
			ReleaseScriptingObjects (0ms)
			CreateAndSetChildDomain (31ms)
		EndReloadAssembly (723ms)
			LoadAssemblies (73ms)
			RebuildTransferFunctionScriptingTraits (0ms)
			SetupTypeCache (264ms)
			ReleaseScriptCaches (1ms)
			RebuildScriptCaches (38ms)
			SetupLoadedEditorAssemblies (252ms)
				LogAssemblyErrors (0ms)
				InitializePlatformSupportModulesInManaged (4ms)
				SetLoadedEditorAssemblies (0ms)
				RefreshPlugins (1ms)
				BeforeProcessingInitializeOnLoad (53ms)
				ProcessInitializeOnLoadAttributes (180ms)
				ProcessInitializeOnLoadMethodAttributes (10ms)
				AfterProcessingInitializeOnLoad (4ms)
				EditorAssembliesLoaded (0ms)
			ExecutionOrderSort2 (0ms)
			AwakeInstancesAfterBackupRestoration (8ms)
Platform modules already initialized, skipping
Refreshing native plugins compatible for Editor in 0.50 ms, found 3 plugins.
Preloading 0 native plugins for Editor in 0.00 ms.
Unloading 2194 Unused Serialized files (Serialized files now loaded: 0)
System memory in use before: 183.9 MB.
System memory in use after: 184.0 MB.

Unloading 17 unused Assets to reduce memory usage. Loaded Objects now: 2674.
Total: 2.963900 ms (FindLiveObjects: 0.313600 ms CreateObjectMapping: 0.072900 ms MarkObjects: 2.559200 ms  DeleteObjects: 0.017100 ms)

AssetImportParameters requested are different than current active one (requested -> active):
  custom:framework-win-MediaFoundation: 216162199b28c13a410421893ffa2e32 -> 
  custom:video-decoder-ogg-theora: a1e56fd34408186e4bbccfd4996cb3dc -> 
  custom:container-muxer-webm: aa71ff27fc2769a1b78a27578f13a17b -> 
  custom:container-demuxer-webm: 4f35f7cbe854078d1ac9338744f61a02 -> 
  custom:container-demuxer-ogg: 62fdf1f143b41e24485cea50d1cbac27 -> 
  custom:video-encoder-webm-vp8: eb34c28f22e8b96e1ab97ce403110664 -> 
  custom:video-decoder-webm-vp8: 9c59270c3fd7afecdb556c50c9e8de78 -> 
  custom:audio-decoder-ogg-vorbis: bf7c407c2cedff20999df2af8eb42d56 -> 
  custom:audio-encoder-webm-vorbis: bf7c407c2cedff20999df2af8eb42d56 -> 
========================================================================
Received Import Request.
  Time since last request: 411.811115 seconds.
  path: Assets/Prefabs/Enemies
  artifactKey: Guid(15b1c06bc3b57694f94edd783c83e95e) Importer(815301076,1909f56bfc062723c751e8b465ee728b)
Start importing Assets/Prefabs/Enemies using Guid(15b1c06bc3b57694f94edd783c83e95e) Importer(815301076,1909f56bfc062723c751e8b465ee728b)  -> (artifact id: '147ae076fa5c63a9cc06e155a509937c') in 0.004256 seconds 
  Import took 0.007465 seconds .

========================================================================
Received Import Request.
  Time since last request: 0.199196 seconds.
  path: Assets/Prefabs/Enemies/Rato.prefab
  artifactKey: Guid(375845a8913e7934cac85bdb91496b11) Importer(815301076,1909f56bfc062723c751e8b465ee728b)
Start importing Assets/Prefabs/Enemies/Rato.prefab using Guid(375845a8913e7934cac85bdb91496b11) Importer(815301076,1909f56bfc062723c751e8b465ee728b)  -> (artifact id: 'e53241c46c84ab5bba772935a9b28ccc') in 0.053633 seconds 
  Import took 0.056979 seconds .

========================================================================
Received Prepare
Registering precompiled user dll's ...
Registered in 0.003201 seconds.
Begin MonoManager ReloadAssembly
Native extension for WindowsStandalone target not found
Refreshing native plugins compatible for Editor in 0.52 ms, found 3 plugins.
Preloading 0 native plugins for Editor in 0.00 ms.
Mono: successfully reloaded assembly
- Completed reload, in  0.912 seconds
Domain Reload Profiling:
	ReloadAssembly (913ms)
		BeginReloadAssembly (99ms)
			ExecutionOrderSort (0ms)
			DisableScriptedObjects (6ms)
			BackupInstance (0ms)
			ReleaseScriptingObjects (0ms)
			CreateAndSetChildDomain (32ms)
		EndReloadAssembly (758ms)
			LoadAssemblies (76ms)
			RebuildTransferFunctionScriptingTraits (0ms)
			SetupTypeCache (278ms)
			ReleaseScriptCaches (1ms)
			RebuildScriptCaches (39ms)
			SetupLoadedEditorAssemblies (264ms)
				LogAssemblyErrors (0ms)
				InitializePlatformSupportModulesInManaged (4ms)
				SetLoadedEditorAssemblies (0ms)
				RefreshPlugins (1ms)
				BeforeProcessingInitializeOnLoad (55ms)
				ProcessInitializeOnLoadAttributes (188ms)
				ProcessInitializeOnLoadMethodAttributes (11ms)
				AfterProcessingInitializeOnLoad (4ms)
				EditorAssembliesLoaded (0ms)
			ExecutionOrderSort2 (0ms)
			AwakeInstancesAfterBackupRestoration (8ms)
Platform modules already initialized, skipping
Refreshing native plugins compatible for Editor in 0.57 ms, found 3 plugins.
Preloading 0 native plugins for Editor in 0.00 ms.
Unloading 2194 Unused Serialized files (Serialized files now loaded: 0)
System memory in use before: 184.0 MB.
System memory in use after: 184.1 MB.

Unloading 17 unused Assets to reduce memory usage. Loaded Objects now: 2677.
Total: 3.161100 ms (FindLiveObjects: 0.228200 ms CreateObjectMapping: 0.084100 ms MarkObjects: 2.826300 ms  DeleteObjects: 0.021300 ms)

AssetImportParameters requested are different than current active one (requested -> active):
  custom:framework-win-MediaFoundation: 216162199b28c13a410421893ffa2e32 -> 
  custom:video-decoder-ogg-theora: a1e56fd34408186e4bbccfd4996cb3dc -> 
  custom:container-muxer-webm: aa71ff27fc2769a1b78a27578f13a17b -> 
  custom:container-demuxer-webm: 4f35f7cbe854078d1ac9338744f61a02 -> 
  custom:container-demuxer-ogg: 62fdf1f143b41e24485cea50d1cbac27 -> 
  custom:video-encoder-webm-vp8: eb34c28f22e8b96e1ab97ce403110664 -> 
  custom:video-decoder-webm-vp8: 9c59270c3fd7afecdb556c50c9e8de78 -> 
  custom:audio-decoder-ogg-vorbis: bf7c407c2cedff20999df2af8eb42d56 -> 
  custom:audio-encoder-webm-vorbis: bf7c407c2cedff20999df2af8eb42d56 -> 
========================================================================
Received Import Request.
  Time since last request: 1378.368356 seconds.
  path: Assets/Tilesets
  artifactKey: Guid(50b78d6840ec8d9498c3a980a96cbe28) Importer(815301076,1909f56bfc062723c751e8b465ee728b)
Start importing Assets/Tilesets using Guid(50b78d6840ec8d9498c3a980a96cbe28) Importer(815301076,1909f56bfc062723c751e8b465ee728b)  -> (artifact id: '25deb324d77c3f4e1ac5b44ff24b4e19') in 0.006127 seconds 
  Import took 0.009966 seconds .

========================================================================
Received Import Request.
  Time since last request: 0.018282 seconds.
  path: Assets/Tilesets/Esgoto.prefab
  artifactKey: Guid(15d276f06077e3444a80003fc975253d) Importer(815301076,1909f56bfc062723c751e8b465ee728b)
Start importing Assets/Tilesets/Esgoto.prefab using Guid(15d276f06077e3444a80003fc975253d) Importer(815301076,1909f56bfc062723c751e8b465ee728b)  -> (artifact id: 'b198aad267c8bf19bd97f00ca7072b50') in 0.054842 seconds 
  Import took 0.058347 seconds .

========================================================================
Received Import Request.
  Time since last request: 0.000144 seconds.
  path: Assets/Tilesets/the worst_2.asset
  artifactKey: Guid(df0b7f308b444da428f4def56eb15cf2) Importer(815301076,1909f56bfc062723c751e8b465ee728b)
Start importing Assets/Tilesets/the worst_2.asset using Guid(df0b7f308b444da428f4def56eb15cf2) Importer(815301076,1909f56bfc062723c751e8b465ee728b)  -> (artifact id: '0c0796a0ea6e13f8f796e764a9b01302') in 0.021805 seconds 
  Import took 0.024856 seconds .

========================================================================
Received Import Request.
  Time since last request: 0.000173 seconds.
  path: Assets/Tilesets/tilesetEsgoto_13.asset
  artifactKey: Guid(2c5bcc2c229cc7a4aa4a867a0b787a59) Importer(815301076,1909f56bfc062723c751e8b465ee728b)
Start importing Assets/Tilesets/tilesetEsgoto_13.asset using Guid(2c5bcc2c229cc7a4aa4a867a0b787a59) Importer(815301076,1909f56bfc062723c751e8b465ee728b)  -> (artifact id: '5b3f610ddc7c477bc350315f394f8f1a') in 0.004995 seconds 
  Import took 0.008085 seconds .

========================================================================
Received Import Request.
  Time since last request: 0.000128 seconds.
  path: Assets/Tilesets/tilesetEsgoto_2.asset
  artifactKey: Guid(23fb6ff84d3b4a8459bdb09565e344fc) Importer(815301076,1909f56bfc062723c751e8b465ee728b)
Start importing Assets/Tilesets/tilesetEsgoto_2.asset using Guid(23fb6ff84d3b4a8459bdb09565e344fc) Importer(815301076,1909f56bfc062723c751e8b465ee728b)  -> (artifact id: '332fcc182c23a06f0d6a4aac1ec49210') in 0.006011 seconds 
  Import took 0.008937 seconds .

========================================================================
Received Import Request.
  Time since last request: 0.000146 seconds.
  path: Assets/Tilesets/tilesetEsgoto_27.asset
  artifactKey: Guid(7584192b91c06264d95185c6c5a50bea) Importer(815301076,1909f56bfc062723c751e8b465ee728b)
Start importing Assets/Tilesets/tilesetEsgoto_27.asset using Guid(7584192b91c06264d95185c6c5a50bea) Importer(815301076,1909f56bfc062723c751e8b465ee728b)  -> (artifact id: '76aafa52fb604f5a1fe1f7d179f539c9') in 0.004586 seconds 
  Import took 0.007774 seconds .

========================================================================
Received Import Request.
  Time since last request: 0.000121 seconds.
  path: Assets/Tilesets/tilesetEsgoto_32.asset
  artifactKey: Guid(b3bf6cd75550dae47bc4e05cc6ea9fe5) Importer(815301076,1909f56bfc062723c751e8b465ee728b)
Start importing Assets/Tilesets/tilesetEsgoto_32.asset using Guid(b3bf6cd75550dae47bc4e05cc6ea9fe5) Importer(815301076,1909f56bfc062723c751e8b465ee728b)  -> (artifact id: 'c41dfecdf72d4a58a7b037d1831b8269') in 0.004873 seconds 
  Import took 0.007810 seconds .

========================================================================
Received Import Request.
  Time since last request: 0.000164 seconds.
  path: Assets/Tilesets/tilesetEsgoto_25.asset
  artifactKey: Guid(9a1ea49c826519542b65859693dfebeb) Importer(815301076,1909f56bfc062723c751e8b465ee728b)
Start importing Assets/Tilesets/tilesetEsgoto_25.asset using Guid(9a1ea49c826519542b65859693dfebeb) Importer(815301076,1909f56bfc062723c751e8b465ee728b)  -> (artifact id: '87bcdd07c203b2694fb3c98c34c95b55') in 0.010570 seconds 
  Import took 0.013522 seconds .

========================================================================
Received Import Request.
  Time since last request: 0.000121 seconds.
  path: Assets/Tilesets/the worst_13.asset
  artifactKey: Guid(e0f892ebb05965b43a8463297a47e9b1) Importer(815301076,1909f56bfc062723c751e8b465ee728b)
Start importing Assets/Tilesets/the worst_13.asset using Guid(e0f892ebb05965b43a8463297a47e9b1) Importer(815301076,1909f56bfc062723c751e8b465ee728b)  -> (artifact id: 'a566e59e371564c49385fc47e71f4d9b') in 0.005102 seconds 
  Import took 0.008554 seconds .

========================================================================
Received Import Request.
  Time since last request: 0.000172 seconds.
  path: Assets/Tilesets/the worst_15.asset
  artifactKey: Guid(18e63effc60a5f042abb5f99ab12615b) Importer(815301076,1909f56bfc062723c751e8b465ee728b)
Start importing Assets/Tilesets/the worst_15.asset using Guid(18e63effc60a5f042abb5f99ab12615b) Importer(815301076,1909f56bfc062723c751e8b465ee728b)  -> (artifact id: '4936e1a152e89627bade86c0310d18b8') in 0.004630 seconds 
  Import took 0.007666 seconds .

========================================================================
Received Import Request.
  Time since last request: 0.000126 seconds.
  path: Assets/Tilesets/tilesetEsgoto_21.asset
  artifactKey: Guid(e50003a483ff1094892f9c489ff51357) Importer(815301076,1909f56bfc062723c751e8b465ee728b)
Start importing Assets/Tilesets/tilesetEsgoto_21.asset using Guid(e50003a483ff1094892f9c489ff51357) Importer(815301076,1909f56bfc062723c751e8b465ee728b)  -> (artifact id: '7936c3ed2f8cf83f9c875f3d1edc66b3') in 0.013291 seconds 
  Import took 0.016648 seconds .

========================================================================
Received Import Request.
  Time since last request: 0.000120 seconds.
  path: Assets/Tilesets/tilesetEsgoto_10.asset
  artifactKey: Guid(01a2cd05db2fde84c8756d69ed38742c) Importer(815301076,1909f56bfc062723c751e8b465ee728b)
Start importing Assets/Tilesets/tilesetEsgoto_10.asset using Guid(01a2cd05db2fde84c8756d69ed38742c) Importer(815301076,1909f56bfc062723c751e8b465ee728b)  -> (artifact id: '39750924becf2f126be95b45ca71b1a7') in 0.004729 seconds 
  Import took 0.007625 seconds .

========================================================================
Received Import Request.
  Time since last request: 0.000139 seconds.
  path: Assets/Tilesets/the worst_0.asset
  artifactKey: Guid(27f20ccc4bf23134aaf473fb8b7b0e6f) Importer(815301076,1909f56bfc062723c751e8b465ee728b)
Start importing Assets/Tilesets/the worst_0.asset using Guid(27f20ccc4bf23134aaf473fb8b7b0e6f) Importer(815301076,1909f56bfc062723c751e8b465ee728b)  -> (artifact id: '22d61aab57c6b78b7952990ff967ae90') in 0.004593 seconds 
  Import took 0.007447 seconds .

========================================================================
Received Import Request.
  Time since last request: 0.000126 seconds.
  path: Assets/Tilesets/tilesetEsgoto_18.asset
  artifactKey: Guid(79f3b67748b8e65409c73be66b4754c0) Importer(815301076,1909f56bfc062723c751e8b465ee728b)
Start importing Assets/Tilesets/tilesetEsgoto_18.asset using Guid(79f3b67748b8e65409c73be66b4754c0) Importer(815301076,1909f56bfc062723c751e8b465ee728b)  -> (artifact id: '96bbed254c8bc7afbe06d11612bdac72') in 0.004957 seconds 
  Import took 0.008148 seconds .

========================================================================
Received Import Request.
  Time since last request: 0.000123 seconds.
  path: Assets/Tilesets/tilesetEsgoto.png
  artifactKey: Guid(bfcf89e3d456f374e9b7a91f719e4f9c) Importer(815301076,1909f56bfc062723c751e8b465ee728b)
Start importing Assets/Tilesets/tilesetEsgoto.png using Guid(bfcf89e3d456f374e9b7a91f719e4f9c) Importer(815301076,1909f56bfc062723c751e8b465ee728b)  -> (artifact id: '1dcbec7099ecd1df7d61595879e41bd9') in 0.112948 seconds 
  Import took 0.115987 seconds .

========================================================================
Received Import Request.
  Time since last request: 0.000170 seconds.
  path: Assets/Tilesets/tilesetEsgoto_8.asset
  artifactKey: Guid(3186e6cf18216f641bcdcd272edbe2ef) Importer(815301076,1909f56bfc062723c751e8b465ee728b)
Start importing Assets/Tilesets/tilesetEsgoto_8.asset using Guid(3186e6cf18216f641bcdcd272edbe2ef) Importer(815301076,1909f56bfc062723c751e8b465ee728b)  -> (artifact id: 'ca7d784b0d8116f142ef9d5f48f1b299') in 0.005638 seconds 
  Import took 0.008376 seconds .

========================================================================
Received Import Request.
  Time since last request: 0.000129 seconds.
  path: Assets/Tilesets/tilesetEsgoto_37.asset
  artifactKey: Guid(c7675d0a91b66cc4abdce60818f7f583) Importer(815301076,1909f56bfc062723c751e8b465ee728b)
Start importing Assets/Tilesets/tilesetEsgoto_37.asset using Guid(c7675d0a91b66cc4abdce60818f7f583) Importer(815301076,1909f56bfc062723c751e8b465ee728b)  -> (artifact id: 'a02765cb6957854be0cbee260cc4c804') in 0.005849 seconds 
  Import took 0.009158 seconds .

========================================================================
Received Import Request.
  Time since last request: 0.000197 seconds.
  path: Assets/Tilesets/tilesetEsgoto_35.asset
  artifactKey: Guid(e395c2f3189f8dd489bfda92c7505bfd) Importer(815301076,1909f56bfc062723c751e8b465ee728b)
Start importing Assets/Tilesets/tilesetEsgoto_35.asset using Guid(e395c2f3189f8dd489bfda92c7505bfd) Importer(815301076,1909f56bfc062723c751e8b465ee728b)  -> (artifact id: '3f4673d0f62748e18ba780d16a167f63') in 0.005967 seconds 
  Import took 0.009621 seconds .

========================================================================
Received Import Request.
  Time since last request: 0.000229 seconds.
  path: Assets/Tilesets/the worst_10.asset
  artifactKey: Guid(737b0c87e19e2b24cbcd6b64042fb2e8) Importer(815301076,1909f56bfc062723c751e8b465ee728b)
Start importing Assets/Tilesets/the worst_10.asset using Guid(737b0c87e19e2b24cbcd6b64042fb2e8) Importer(815301076,1909f56bfc062723c751e8b465ee728b)  -> (artifact id: 'b600ccbe5e1107544ab29ccd495f824d') in 0.004416 seconds 
  Import took 0.007833 seconds .

========================================================================
Received Import Request.
  Time since last request: 0.000143 seconds.
  path: Assets/Tilesets/tilesetEsgoto_17.asset
  artifactKey: Guid(c128ee91e7e268a4599ae1fa39bed19f) Importer(815301076,1909f56bfc062723c751e8b465ee728b)
Start importing Assets/Tilesets/tilesetEsgoto_17.asset using Guid(c128ee91e7e268a4599ae1fa39bed19f) Importer(815301076,1909f56bfc062723c751e8b465ee728b)  -> (artifact id: '14e583c492b139c949c07c8c8885fd28') in 0.005536 seconds 
  Import took 0.008538 seconds .

========================================================================
Received Import Request.
  Time since last request: 0.000126 seconds.
  path: Assets/Tilesets/tilesetEsgoto_5.asset
  artifactKey: Guid(3ab9f05a478128d42a9f7ac3b1ceb765) Importer(815301076,1909f56bfc062723c751e8b465ee728b)
Start importing Assets/Tilesets/tilesetEsgoto_5.asset using Guid(3ab9f05a478128d42a9f7ac3b1ceb765) Importer(815301076,1909f56bfc062723c751e8b465ee728b)  -> (artifact id: 'e64183493fc74cb28d149d285c3a7a2e') in 0.009793 seconds 
  Import took 0.012925 seconds .

========================================================================
Received Import Request.
  Time since last request: 0.000269 seconds.
  path: Assets/Tilesets/the worst_5.asset
  artifactKey: Guid(ff82a986a9b176f46b5da0a5be680b35) Importer(815301076,1909f56bfc062723c751e8b465ee728b)
Start importing Assets/Tilesets/the worst_5.asset using Guid(ff82a986a9b176f46b5da0a5be680b35) Importer(815301076,1909f56bfc062723c751e8b465ee728b)  -> (artifact id: '1df120f19aa92a22f553d6736e0094c5') in 0.004818 seconds 
  Import took 0.008448 seconds .

========================================================================
Received Import Request.
  Time since last request: 0.000126 seconds.
  path: Assets/Tilesets/tilesetEsgoto_15.asset
  artifactKey: Guid(9e486511be35a9041a1c284bdf24564f) Importer(815301076,1909f56bfc062723c751e8b465ee728b)
Start importing Assets/Tilesets/tilesetEsgoto_15.asset using Guid(9e486511be35a9041a1c284bdf24564f) Importer(815301076,1909f56bfc062723c751e8b465ee728b)  -> (artifact id: '35a57342d749af883b65dcd5cfc3d207') in 0.004665 seconds 
  Import took 0.007611 seconds .

========================================================================
Received Import Request.
  Time since last request: 0.000204 seconds.
  path: Assets/Tilesets/tilesetEsgoto_16.asset
  artifactKey: Guid(54083910eb941174598d0b80b7ab539b) Importer(815301076,1909f56bfc062723c751e8b465ee728b)
Start importing Assets/Tilesets/tilesetEsgoto_16.asset using Guid(54083910eb941174598d0b80b7ab539b) Importer(815301076,1909f56bfc062723c751e8b465ee728b)  -> (artifact id: '2b175147d5459c2707cd11f32ab72bc9') in 0.005700 seconds 
  Import took 0.009091 seconds .

========================================================================
Received Import Request.
  Time since last request: 0.000128 seconds.
  path: Assets/Tilesets/the worst_4.asset
  artifactKey: Guid(7a3e1973e559681449a97c6ccf4c1a52) Importer(815301076,1909f56bfc062723c751e8b465ee728b)
Start importing Assets/Tilesets/the worst_4.asset using Guid(7a3e1973e559681449a97c6ccf4c1a52) Importer(815301076,1909f56bfc062723c751e8b465ee728b)  -> (artifact id: 'd18cbf988eb437efb48185d864b25b3d') in 0.008994 seconds 
  Import took 0.012635 seconds .

========================================================================
Received Import Request.
  Time since last request: 0.000150 seconds.
  path: Assets/Tilesets/tilesetEsgoto_1.asset
  artifactKey: Guid(f1deb36726a69a94995ce293af2d3d5a) Importer(815301076,1909f56bfc062723c751e8b465ee728b)
Start importing Assets/Tilesets/tilesetEsgoto_1.asset using Guid(f1deb36726a69a94995ce293af2d3d5a) Importer(815301076,1909f56bfc062723c751e8b465ee728b)  -> (artifact id: 'a7aa7e8e77a625f66142252615757c78') in 0.006074 seconds 
  Import took 0.009115 seconds .

========================================================================
Received Import Request.
  Time since last request: 0.000125 seconds.
  path: Assets/Tilesets/tilesetEsgoto_19.asset
  artifactKey: Guid(61756386b2f699b4fa8fda8ade806067) Importer(815301076,1909f56bfc062723c751e8b465ee728b)
Start importing Assets/Tilesets/tilesetEsgoto_19.asset using Guid(61756386b2f699b4fa8fda8ade806067) Importer(815301076,1909f56bfc062723c751e8b465ee728b)  -> (artifact id: 'dcdca3fa1f35efac6dc8ce9ec012d28d') in 0.008766 seconds 
  Import took 0.012453 seconds .

========================================================================
Received Import Request.
  Time since last request: 0.000156 seconds.
  path: Assets/Tilesets/the worst_20.asset
  artifactKey: Guid(56138504c72b2004a85474402e76f73f) Importer(815301076,1909f56bfc062723c751e8b465ee728b)
Start importing Assets/Tilesets/the worst_20.asset using Guid(56138504c72b2004a85474402e76f73f) Importer(815301076,1909f56bfc062723c751e8b465ee728b)  -> (artifact id: '6a28848ab1b6a805b2a01ca2c2bf17e8') in 0.004672 seconds 
  Import took 0.008025 seconds .

========================================================================
Received Import Request.
  Time since last request: 0.000121 seconds.
  path: Assets/Tilesets/the worst_25.asset
  artifactKey: Guid(5832dc26b3c6b1142ad05a1afc34657b) Importer(815301076,1909f56bfc062723c751e8b465ee728b)
Start importing Assets/Tilesets/the worst_25.asset using Guid(5832dc26b3c6b1142ad05a1afc34657b) Importer(815301076,1909f56bfc062723c751e8b465ee728b)  -> (artifact id: 'a73a5ec2c637b804acf92a60d4fd5cbd') in 0.008194 seconds 
  Import took 0.011250 seconds .

========================================================================
Received Import Request.
  Time since last request: 0.000124 seconds.
  path: Assets/Tilesets/the worst_24.asset
  artifactKey: Guid(7ac5a09c73e13474f908d02ab25ee666) Importer(815301076,1909f56bfc062723c751e8b465ee728b)
Start importing Assets/Tilesets/the worst_24.asset using Guid(7ac5a09c73e13474f908d02ab25ee666) Importer(815301076,1909f56bfc062723c751e8b465ee728b)  -> (artifact id: '3487eecad602ee139a6a00012c9dc76a') in 0.004985 seconds 
  Import took 0.007921 seconds .

========================================================================
Received Import Request.
  Time since last request: 0.000151 seconds.
  path: Assets/Tilesets/tilesetEsgoto_7.asset
  artifactKey: Guid(21c08e83590c58c4bb81a5a9dd6aa257) Importer(815301076,1909f56bfc062723c751e8b465ee728b)
Start importing Assets/Tilesets/tilesetEsgoto_7.asset using Guid(21c08e83590c58c4bb81a5a9dd6aa257) Importer(815301076,1909f56bfc062723c751e8b465ee728b)  -> (artifact id: 'e9599976dace9a15193ef592e87ebb61') in 0.011057 seconds 
  Import took 0.014061 seconds .

========================================================================
Received Import Request.
  Time since last request: 0.000203 seconds.
  path: Assets/Tilesets/tilesetEsgoto_23.asset
  artifactKey: Guid(d3b665d042d6e384aaf042aa7ec4f197) Importer(815301076,1909f56bfc062723c751e8b465ee728b)
Start importing Assets/Tilesets/tilesetEsgoto_23.asset using Guid(d3b665d042d6e384aaf042aa7ec4f197) Importer(815301076,1909f56bfc062723c751e8b465ee728b)  -> (artifact id: '48b483a4e95c39f2277991c9e4c0a028') in 0.004659 seconds 
  Import took 0.008423 seconds .

========================================================================
Received Import Request.
  Time since last request: 0.000121 seconds.
  path: Assets/Tilesets/tilesetEsgoto_24.asset
  artifactKey: Guid(f395cc9e1235b1f4ebf7fe3370c752b2) Importer(815301076,1909f56bfc062723c751e8b465ee728b)
Start importing Assets/Tilesets/tilesetEsgoto_24.asset using Guid(f395cc9e1235b1f4ebf7fe3370c752b2) Importer(815301076,1909f56bfc062723c751e8b465ee728b)  -> (artifact id: '62441fd583fbc6fe544a7e600d59f3a8') in 0.005082 seconds 
  Import took 0.008075 seconds .

========================================================================
Received Import Request.
  Time since last request: 0.000142 seconds.
  path: Assets/Tilesets/tilesetEsgoto_28.asset
  artifactKey: Guid(bae705a484283ff40ade6568625efd35) Importer(815301076,1909f56bfc062723c751e8b465ee728b)
Start importing Assets/Tilesets/tilesetEsgoto_28.asset using Guid(bae705a484283ff40ade6568625efd35) Importer(815301076,1909f56bfc062723c751e8b465ee728b)  -> (artifact id: '3d47974d9ab8fb5ef67c827789fdaacb') in 0.004662 seconds 
  Import took 0.007880 seconds .

========================================================================
Received Import Request.
  Time since last request: 0.000126 seconds.
  path: Assets/Tilesets/the worst_6.asset
  artifactKey: Guid(f32cf6f8ac8fde74a83a9e171edd2c5a) Importer(815301076,1909f56bfc062723c751e8b465ee728b)
Start importing Assets/Tilesets/the worst_6.asset using Guid(f32cf6f8ac8fde74a83a9e171edd2c5a) Importer(815301076,1909f56bfc062723c751e8b465ee728b)  -> (artifact id: '84de00f83c2f470d8bd30bf54ddb7061') in 0.005166 seconds 
  Import took 0.008405 seconds .

========================================================================
Received Import Request.
  Time since last request: 0.000162 seconds.
  path: Assets/Tilesets/the worst_19.asset
  artifactKey: Guid(1ed5fae0ff6992640b37fce988493eeb) Importer(815301076,1909f56bfc062723c751e8b465ee728b)
Start importing Assets/Tilesets/the worst_19.asset using Guid(1ed5fae0ff6992640b37fce988493eeb) Importer(815301076,1909f56bfc062723c751e8b465ee728b)  -> (artifact id: '40939cd8a23d650c5e5ada46113778cb') in 0.004789 seconds 
  Import took 0.007775 seconds .

========================================================================
Received Import Request.
  Time since last request: 0.000125 seconds.
  path: Assets/Tilesets/the worst_7.asset
  artifactKey: Guid(2e7129bff03a34f4b9b002bdbdbf1ba3) Importer(815301076,1909f56bfc062723c751e8b465ee728b)
Start importing Assets/Tilesets/the worst_7.asset using Guid(2e7129bff03a34f4b9b002bdbdbf1ba3) Importer(815301076,1909f56bfc062723c751e8b465ee728b)  -> (artifact id: '4223887868b8e36b29357dd17f75742c') in 0.004441 seconds 
  Import took 0.007847 seconds .

========================================================================
Received Import Request.
  Time since last request: 0.000173 seconds.
  path: Assets/Tilesets/the worst_8.asset
  artifactKey: Guid(a70faf6be0f610841b5da89b73634cec) Importer(815301076,1909f56bfc062723c751e8b465ee728b)
Start importing Assets/Tilesets/the worst_8.asset using Guid(a70faf6be0f610841b5da89b73634cec) Importer(815301076,1909f56bfc062723c751e8b465ee728b)  -> (artifact id: '6c56947ff9251b76e6e8e0ae449a4f28') in 0.004581 seconds 
  Import took 0.007948 seconds .

========================================================================
Received Import Request.
  Time since last request: 0.000137 seconds.
  path: Assets/Tilesets/tilesetEsgoto_29.asset
  artifactKey: Guid(8d3774ba89b914a48becec1d2e760424) Importer(815301076,1909f56bfc062723c751e8b465ee728b)
Start importing Assets/Tilesets/tilesetEsgoto_29.asset using Guid(8d3774ba89b914a48becec1d2e760424) Importer(815301076,1909f56bfc062723c751e8b465ee728b)  -> (artifact id: '5db44d5adc80cf9adb63ad0550d86e9b') in 0.004695 seconds 
  Import took 0.007640 seconds .

========================================================================
Received Import Request.
  Time since last request: 0.000160 seconds.
  path: Assets/Tilesets/the worst_9.asset
  artifactKey: Guid(3288c8bdcb1a00b4bada7e7179334d60) Importer(815301076,1909f56bfc062723c751e8b465ee728b)
Start importing Assets/Tilesets/the worst_9.asset using Guid(3288c8bdcb1a00b4bada7e7179334d60) Importer(815301076,1909f56bfc062723c751e8b465ee728b)  -> (artifact id: '13ad0935384356c40ac22fd49caf741a') in 0.004846 seconds 
  Import took 0.008559 seconds .

========================================================================
Received Import Request.
  Time since last request: 0.000124 seconds.
  path: Assets/Tilesets/the worst_18.asset
  artifactKey: Guid(0269c15cf71f4934da5774cd33ce8548) Importer(815301076,1909f56bfc062723c751e8b465ee728b)
Start importing Assets/Tilesets/the worst_18.asset using Guid(0269c15cf71f4934da5774cd33ce8548) Importer(815301076,1909f56bfc062723c751e8b465ee728b)  -> (artifact id: '239a6654ef29e945c9e8f0d3911a40ed') in 0.005194 seconds 
  Import took 0.008557 seconds .

========================================================================
Received Import Request.
  Time since last request: 0.000153 seconds.
  path: Assets/Tilesets/tilesetEsgoto_3.asset
  artifactKey: Guid(77b51e83eae30104d87b890c1f6585e5) Importer(815301076,1909f56bfc062723c751e8b465ee728b)
Start importing Assets/Tilesets/tilesetEsgoto_3.asset using Guid(77b51e83eae30104d87b890c1f6585e5) Importer(815301076,1909f56bfc062723c751e8b465ee728b)  -> (artifact id: 'dc79dab3cbc750f82792500ed600047f') in 0.004675 seconds 
  Import took 0.007696 seconds .

========================================================================
Received Import Request.
  Time since last request: 0.000134 seconds.
  path: Assets/Tilesets/tilesetEsgoto_14.asset
  artifactKey: Guid(47ee9383cbcf2434284811c40f41a213) Importer(815301076,1909f56bfc062723c751e8b465ee728b)
Start importing Assets/Tilesets/tilesetEsgoto_14.asset using Guid(47ee9383cbcf2434284811c40f41a213) Importer(815301076,1909f56bfc062723c751e8b465ee728b)  -> (artifact id: '1efd9d4c49c787f6ef7f771cbe7c6a19') in 0.005409 seconds 
  Import took 0.008458 seconds .

========================================================================
Received Import Request.
  Time since last request: 0.000139 seconds.
  path: Assets/Tilesets/the worst_1.asset
  artifactKey: Guid(41dc829e898a44a43a445210273343b0) Importer(815301076,1909f56bfc062723c751e8b465ee728b)
Start importing Assets/Tilesets/the worst_1.asset using Guid(41dc829e898a44a43a445210273343b0) Importer(815301076,1909f56bfc062723c751e8b465ee728b)  -> (artifact id: 'ebdf50f89c9d7564c9c6813d3077893f') in 0.005019 seconds 
  Import took 0.007942 seconds .

========================================================================
Received Import Request.
  Time since last request: 0.000134 seconds.
  path: Assets/Tilesets/tilesetEsgoto_4.asset
  artifactKey: Guid(65a9aa00af0eb76419c2fc207b010ea2) Importer(815301076,1909f56bfc062723c751e8b465ee728b)
Start importing Assets/Tilesets/tilesetEsgoto_4.asset using Guid(65a9aa00af0eb76419c2fc207b010ea2) Importer(815301076,1909f56bfc062723c751e8b465ee728b)  -> (artifact id: 'cc2ebd2a946af827f08d0678a9084caf') in 0.004637 seconds 
  Import took 0.007698 seconds .

========================================================================
Received Import Request.
  Time since last request: 0.000165 seconds.
  path: Assets/Tilesets/the worst_3.asset
  artifactKey: Guid(71a023fee86d1ff469ada12e8bcdcbee) Importer(815301076,1909f56bfc062723c751e8b465ee728b)
Start importing Assets/Tilesets/the worst_3.asset using Guid(71a023fee86d1ff469ada12e8bcdcbee) Importer(815301076,1909f56bfc062723c751e8b465ee728b)  -> (artifact id: 'e37f02bc5d739bebeed0cccf45c2f5c3') in 0.005581 seconds 
  Import took 0.008765 seconds .

========================================================================
Received Import Request.
  Time since last request: 0.000160 seconds.
  path: Assets/Tilesets/tilesetEsgoto_22.asset
  artifactKey: Guid(b5a5f1fd1a5240848bead0b84c7a95ba) Importer(815301076,1909f56bfc062723c751e8b465ee728b)
Start importing Assets/Tilesets/tilesetEsgoto_22.asset using Guid(b5a5f1fd1a5240848bead0b84c7a95ba) Importer(815301076,1909f56bfc062723c751e8b465ee728b)  -> (artifact id: 'ef1f4bbc960bbc33fd1053992cd0de67') in 0.004931 seconds 
  Import took 0.007881 seconds .

========================================================================
Received Import Request.
  Time since last request: 0.000129 seconds.
  path: Assets/Tilesets/tilesetEsgoto_30.asset
  artifactKey: Guid(8492e935d23142a4683062267a311e09) Importer(815301076,1909f56bfc062723c751e8b465ee728b)
Start importing Assets/Tilesets/tilesetEsgoto_30.asset using Guid(8492e935d23142a4683062267a311e09) Importer(815301076,1909f56bfc062723c751e8b465ee728b)  -> (artifact id: '621cdf2d106125a1dc760c8decca2cc5') in 0.005115 seconds 
  Import took 0.008638 seconds .

========================================================================
Received Import Request.
  Time since last request: 0.000141 seconds.
  path: Assets/Tilesets/tilesetEsgoto_12.asset
  artifactKey: Guid(c3ef99c1780a5b74fa02bf36f20d2a05) Importer(815301076,1909f56bfc062723c751e8b465ee728b)
Start importing Assets/Tilesets/tilesetEsgoto_12.asset using Guid(c3ef99c1780a5b74fa02bf36f20d2a05) Importer(815301076,1909f56bfc062723c751e8b465ee728b)  -> (artifact id: 'd859cf02d873d057a04f0e7f66ec77db') in 0.005258 seconds 
  Import took 0.008271 seconds .

========================================================================
Received Import Request.
  Time since last request: 0.000142 seconds.
  path: Assets/Tilesets/the worst_11.asset
  artifactKey: Guid(2fd63f37b572a4c418d045a8468be288) Importer(815301076,1909f56bfc062723c751e8b465ee728b)
Start importing Assets/Tilesets/the worst_11.asset using Guid(2fd63f37b572a4c418d045a8468be288) Importer(815301076,1909f56bfc062723c751e8b465ee728b)  -> (artifact id: '48cfd781fccbfed6c6ad1c1c85fb6347') in 0.004876 seconds 
  Import took 0.008094 seconds .

========================================================================
Received Import Request.
  Time since last request: 0.000123 seconds.
  path: Assets/Tilesets/the worst_21.asset
  artifactKey: Guid(04b867d70eeb98849be4d798f0b45f0d) Importer(815301076,1909f56bfc062723c751e8b465ee728b)
Start importing Assets/Tilesets/the worst_21.asset using Guid(04b867d70eeb98849be4d798f0b45f0d) Importer(815301076,1909f56bfc062723c751e8b465ee728b)  -> (artifact id: 'a59a23917088a554286d3f71502e21fa') in 0.004612 seconds 
  Import took 0.007791 seconds .

========================================================================
Received Import Request.
  Time since last request: 0.000159 seconds.
  path: Assets/Tilesets/Text.prefab
  artifactKey: Guid(fbe9cdbd58b082e4cb10432c95d4c64b) Importer(815301076,1909f56bfc062723c751e8b465ee728b)
Start importing Assets/Tilesets/Text.prefab using Guid(fbe9cdbd58b082e4cb10432c95d4c64b) Importer(815301076,1909f56bfc062723c751e8b465ee728b)  -> (artifact id: '39cae7d74c2384a729cd6c5004975102') in 0.012708 seconds 
  Import took 0.016111 seconds .

========================================================================
Received Import Request.
  Time since last request: 0.000182 seconds.
  path: Assets/Tilesets/tilesetEsgoto_11.asset
  artifactKey: Guid(68f73af769e42d14082499148e893734) Importer(815301076,1909f56bfc062723c751e8b465ee728b)
Start importing Assets/Tilesets/tilesetEsgoto_11.asset using Guid(68f73af769e42d14082499148e893734) Importer(815301076,1909f56bfc062723c751e8b465ee728b)  -> (artifact id: '3dbaf59c6b2c2259aeda4e6cc218360f') in 0.005739 seconds 
  Import took 0.008997 seconds .

========================================================================
Received Import Request.
  Time since last request: 0.000134 seconds.
  path: Assets/Tilesets/tilesetEsgoto_9.asset
  artifactKey: Guid(a5526222bee42c04fa8bfd108b94988c) Importer(815301076,1909f56bfc062723c751e8b465ee728b)
Start importing Assets/Tilesets/tilesetEsgoto_9.asset using Guid(a5526222bee42c04fa8bfd108b94988c) Importer(815301076,1909f56bfc062723c751e8b465ee728b)  -> (artifact id: '46446d2527cff5d5dda8029d0d07982e') in 0.005389 seconds 
  Import took 0.009090 seconds .

========================================================================
Received Import Request.
  Time since last request: 0.000162 seconds.
  path: Assets/Tilesets/tilesetEsgoto_20.asset
  artifactKey: Guid(e12bee35798ca16488fe5288c71b7383) Importer(815301076,1909f56bfc062723c751e8b465ee728b)
Start importing Assets/Tilesets/tilesetEsgoto_20.asset using Guid(e12bee35798ca16488fe5288c71b7383) Importer(815301076,1909f56bfc062723c751e8b465ee728b)  -> (artifact id: '98a82aaa378f0ebba54869ce10dfd059') in 0.004966 seconds 
  Import took 0.008121 seconds .

========================================================================
Received Import Request.
  Time since last request: 0.000123 seconds.
  path: Assets/Tilesets/tilesetEsgoto_26.asset
  artifactKey: Guid(72a1d3ff443a74a449eb04ea81e0c6b6) Importer(815301076,1909f56bfc062723c751e8b465ee728b)
Start importing Assets/Tilesets/tilesetEsgoto_26.asset using Guid(72a1d3ff443a74a449eb04ea81e0c6b6) Importer(815301076,1909f56bfc062723c751e8b465ee728b)  -> (artifact id: 'd95ee2b80b21c1b8b246dac915fc3584') in 0.005978 seconds 
  Import took 0.009176 seconds .

========================================================================
Received Import Request.
  Time since last request: 0.000158 seconds.
  path: Assets/Tilesets/tilesetEsgoto_34.asset
  artifactKey: Guid(3c20a40abbd37bd4bbc55919b4e590a6) Importer(815301076,1909f56bfc062723c751e8b465ee728b)
Start importing Assets/Tilesets/tilesetEsgoto_34.asset using Guid(3c20a40abbd37bd4bbc55919b4e590a6) Importer(815301076,1909f56bfc062723c751e8b465ee728b)  -> (artifact id: 'f8f4e8763352094aa291447ecb54d97b') in 0.004525 seconds 
  Import took 0.007583 seconds .

========================================================================
Received Import Request.
  Time since last request: 0.000131 seconds.
  path: Assets/Tilesets/tilesetEsgoto_31.asset
  artifactKey: Guid(ca30a48fe9dbb514cb9b1e7b8db8a975) Importer(815301076,1909f56bfc062723c751e8b465ee728b)
Start importing Assets/Tilesets/tilesetEsgoto_31.asset using Guid(ca30a48fe9dbb514cb9b1e7b8db8a975) Importer(815301076,1909f56bfc062723c751e8b465ee728b)  -> (artifact id: '180d6f34e9d04c67ccd6ae52494924c2') in 0.005573 seconds 
  Import took 0.008539 seconds .

========================================================================
Received Import Request.
  Time since last request: 0.000182 seconds.
  path: Assets/Tilesets/the worst.png
  artifactKey: Guid(5013c4b5a3714314dac5702ff30dc33c) Importer(815301076,1909f56bfc062723c751e8b465ee728b)
Start importing Assets/Tilesets/the worst.png using Guid(5013c4b5a3714314dac5702ff30dc33c) Importer(815301076,1909f56bfc062723c751e8b465ee728b)  -> (artifact id: 'c969f930c28991bfb04704c542ac3c41') in 0.055622 seconds 
  Import took 0.058827 seconds .

========================================================================
Received Import Request.
  Time since last request: 0.000134 seconds.
  path: Assets/Tilesets/the worst_14.asset
  artifactKey: Guid(538fbee1966e7f046970cfad4cce290b) Importer(815301076,1909f56bfc062723c751e8b465ee728b)
Start importing Assets/Tilesets/the worst_14.asset using Guid(538fbee1966e7f046970cfad4cce290b) Importer(815301076,1909f56bfc062723c751e8b465ee728b)  -> (artifact id: '9f97fb1360e69924174e15cbd1e38406') in 0.005000 seconds 
  Import took 0.007820 seconds .

========================================================================
Received Import Request.
  Time since last request: 0.000150 seconds.
  path: Assets/Tilesets/the worst_23.asset
  artifactKey: Guid(97eedb92e3a14244fad94751ff7f6864) Importer(815301076,1909f56bfc062723c751e8b465ee728b)
Start importing Assets/Tilesets/the worst_23.asset using Guid(97eedb92e3a14244fad94751ff7f6864) Importer(815301076,1909f56bfc062723c751e8b465ee728b)  -> (artifact id: '6d4d8bb2cda5388a70139568480a9781') in 0.009346 seconds 
  Import took 0.012617 seconds .

========================================================================
Received Import Request.
  Time since last request: 0.000169 seconds.
  path: Assets/Tilesets/the worst_16.asset
  artifactKey: Guid(34c89141c994fda4c812667f999be5f1) Importer(815301076,1909f56bfc062723c751e8b465ee728b)
Start importing Assets/Tilesets/the worst_16.asset using Guid(34c89141c994fda4c812667f999be5f1) Importer(815301076,1909f56bfc062723c751e8b465ee728b)  -> (artifact id: '2bd1b46271a6ce494ebc5c9280be7b1d') in 0.006793 seconds 
  Import took 0.010891 seconds .

========================================================================
Received Import Request.
  Time since last request: 0.000161 seconds.
  path: Assets/Tilesets/tilesetEsgoto_6.asset
  artifactKey: Guid(0fbba2e0b106a4f409560956a5247e4e) Importer(815301076,1909f56bfc062723c751e8b465ee728b)
Start importing Assets/Tilesets/tilesetEsgoto_6.asset using Guid(0fbba2e0b106a4f409560956a5247e4e) Importer(815301076,1909f56bfc062723c751e8b465ee728b)  -> (artifact id: '49af0713257945af3655c2316cf156e1') in 0.004612 seconds 
  Import took 0.008344 seconds .

========================================================================
Received Import Request.
  Time since last request: 0.000166 seconds.
  path: Assets/Tilesets/the worst_17.asset
  artifactKey: Guid(a0efdcd878faffc47be36e336f562b0a) Importer(815301076,1909f56bfc062723c751e8b465ee728b)
Start importing Assets/Tilesets/the worst_17.asset using Guid(a0efdcd878faffc47be36e336f562b0a) Importer(815301076,1909f56bfc062723c751e8b465ee728b)  -> (artifact id: '15de9b708ba9f2c49e8914b8bdd283e7') in 0.014879 seconds 
  Import took 0.017930 seconds .

========================================================================
Received Import Request.
  Time since last request: 0.000150 seconds.
  path: Assets/Tilesets/the worst_22.asset
  artifactKey: Guid(0de7e51ea7915ff45a1505526245e901) Importer(815301076,1909f56bfc062723c751e8b465ee728b)
Start importing Assets/Tilesets/the worst_22.asset using Guid(0de7e51ea7915ff45a1505526245e901) Importer(815301076,1909f56bfc062723c751e8b465ee728b)  -> (artifact id: 'e187393b4ded9145d74a12bd6b55ab41') in 0.006841 seconds 
  Import took 0.009965 seconds .

========================================================================
Received Import Request.
  Time since last request: 0.000198 seconds.
  path: Assets/Tilesets/tilesetEsgoto_33.asset
  artifactKey: Guid(6033b2a89e8dd5d41b79c3bdb4ad17e7) Importer(815301076,1909f56bfc062723c751e8b465ee728b)
Start importing Assets/Tilesets/tilesetEsgoto_33.asset using Guid(6033b2a89e8dd5d41b79c3bdb4ad17e7) Importer(815301076,1909f56bfc062723c751e8b465ee728b)  -> (artifact id: '1ed068ff2d70267bf5b9dd3c6ac5d7ff') in 0.004537 seconds 
  Import took 0.008045 seconds .

========================================================================
Received Import Request.
  Time since last request: 0.000144 seconds.
  path: Assets/Tilesets/the worst_12.asset
  artifactKey: Guid(9b75f3ace6b20934daa0157a5b8c2ac5) Importer(815301076,1909f56bfc062723c751e8b465ee728b)
Start importing Assets/Tilesets/the worst_12.asset using Guid(9b75f3ace6b20934daa0157a5b8c2ac5) Importer(815301076,1909f56bfc062723c751e8b465ee728b)  -> (artifact id: 'b62786877147bfdb9a76dda815602fc6') in 0.004579 seconds 
  Import took 0.007606 seconds .

========================================================================
Received Import Request.
  Time since last request: 0.000124 seconds.
  path: Assets/Tilesets/tilesetEsgoto_0.asset
  artifactKey: Guid(19a34e0f97b59424fa0cc115ab57f7af) Importer(815301076,1909f56bfc062723c751e8b465ee728b)
Start importing Assets/Tilesets/tilesetEsgoto_0.asset using Guid(19a34e0f97b59424fa0cc115ab57f7af) Importer(815301076,1909f56bfc062723c751e8b465ee728b)  -> (artifact id: '1a615823a2230072fab199c0e5525731') in 0.007033 seconds 
  Import took 0.009999 seconds .

========================================================================
Received Import Request.
  Time since last request: 0.000148 seconds.
  path: Assets/Tilesets/tilesetEsgoto_36.asset
  artifactKey: Guid(1c13fe2f93df6c4449c3b08fc2344ee8) Importer(815301076,1909f56bfc062723c751e8b465ee728b)
Start importing Assets/Tilesets/tilesetEsgoto_36.asset using Guid(1c13fe2f93df6c4449c3b08fc2344ee8) Importer(815301076,1909f56bfc062723c751e8b465ee728b)  -> (artifact id: '5cc6ef1d70614f3b7adc2bed1fc8b98d') in 0.005683 seconds 
  Import took 0.009171 seconds .

========================================================================
Received Prepare
Registering precompiled user dll's ...
Registered in 0.002884 seconds.
Begin MonoManager ReloadAssembly
Native extension for WindowsStandalone target not found
Refreshing native plugins compatible for Editor in 0.61 ms, found 3 plugins.
Preloading 0 native plugins for Editor in 0.00 ms.
Mono: successfully reloaded assembly
- Completed reload, in  0.939 seconds
Domain Reload Profiling:
	ReloadAssembly (939ms)
		BeginReloadAssembly (106ms)
			ExecutionOrderSort (0ms)
			DisableScriptedObjects (5ms)
			BackupInstance (0ms)
			ReleaseScriptingObjects (0ms)
			CreateAndSetChildDomain (32ms)
		EndReloadAssembly (759ms)
			LoadAssemblies (73ms)
			RebuildTransferFunctionScriptingTraits (0ms)
			SetupTypeCache (270ms)
			ReleaseScriptCaches (1ms)
			RebuildScriptCaches (40ms)
			SetupLoadedEditorAssemblies (264ms)
				LogAssemblyErrors (0ms)
				InitializePlatformSupportModulesInManaged (6ms)
				SetLoadedEditorAssemblies (1ms)
				RefreshPlugins (1ms)
				BeforeProcessingInitializeOnLoad (58ms)
				ProcessInitializeOnLoadAttributes (185ms)
				ProcessInitializeOnLoadMethodAttributes (10ms)
				AfterProcessingInitializeOnLoad (4ms)
				EditorAssembliesLoaded (0ms)
			ExecutionOrderSort2 (0ms)
			AwakeInstancesAfterBackupRestoration (8ms)
Platform modules already initialized, skipping
Refreshing native plugins compatible for Editor in 0.51 ms, found 3 plugins.
Preloading 0 native plugins for Editor in 0.00 ms.
Unloading 2194 Unused Serialized files (Serialized files now loaded: 0)
System memory in use before: 184.1 MB.
System memory in use after: 184.2 MB.

Unloading 17 unused Assets to reduce memory usage. Loaded Objects now: 2689.
Total: 2.930700 ms (FindLiveObjects: 0.204200 ms CreateObjectMapping: 0.061500 ms MarkObjects: 2.647000 ms  DeleteObjects: 0.017200 ms)

AssetImportParameters requested are different than current active one (requested -> active):
  custom:framework-win-MediaFoundation: 216162199b28c13a410421893ffa2e32 -> 
  custom:video-decoder-ogg-theora: a1e56fd34408186e4bbccfd4996cb3dc -> 
  custom:container-muxer-webm: aa71ff27fc2769a1b78a27578f13a17b -> 
  custom:container-demuxer-webm: 4f35f7cbe854078d1ac9338744f61a02 -> 
  custom:container-demuxer-ogg: 62fdf1f143b41e24485cea50d1cbac27 -> 
  custom:video-encoder-webm-vp8: eb34c28f22e8b96e1ab97ce403110664 -> 
  custom:video-decoder-webm-vp8: 9c59270c3fd7afecdb556c50c9e8de78 -> 
  custom:audio-decoder-ogg-vorbis: bf7c407c2cedff20999df2af8eb42d56 -> 
  custom:audio-encoder-webm-vorbis: bf7c407c2cedff20999df2af8eb42d56 -> 
AssetImportWorkerClient::OnTransportError - code=2 error=End of file
